<?xml version="1.0" encoding="UTF-8"?>
<testsuite xmlns:xsi="http://www.w3.org/2001/XMLSchema-instance" xsi:noNamespaceSchemaLocation="https://maven.apache.org/surefire/maven-surefire-plugin/xsd/surefire-test-report.xsd" name="info.chrismcgee.sky.AppTest" time="0.055" tests="1" errors="0" skipped="0" failures="0">
  <properties>
    <property name="java.specification.version" value="15"/>
    <property name="sun.cpu.isalist" value="amd64"/>
    <property name="sun.jnu.encoding" value="Cp1252"/>
    <property name="java.class.path" value="C:\Users\christopher.mcgee\dev\projects\sky-launcher\target\test-classes;C:\Users\christopher.mcgee\dev\projects\sky-launcher\target\classes;C:\Users\christopher.mcgee\.m2\repository\junit\junit\4.11\junit-4.11.jar;C:\Users\christopher.mcgee\.m2\repository\org\hamcrest\hamcrest-core\1.3\hamcrest-core-1.3.jar;"/>
    <property name="java.vm.vendor" value="Amazon.com Inc."/>
    <property name="sun.arch.data.model" value="64"/>
    <property name="user.variant" value=""/>
    <property name="java.vendor.url" value="https://aws.amazon.com/corretto/"/>
    <property name="user.timezone" value="America/New_York"/>
    <property name="os.name" value="Windows 10"/>
    <property name="java.vm.specification.version" value="15"/>
    <property name="sun.java.launcher" value="SUN_STANDARD"/>
    <property name="user.country" value="US"/>
    <property name="sun.boot.library.path" value="C:\Program Files\Amazon Corretto\jdk15.0.2_7\bin"/>
    <property name="sun.java.command" value="C:\Users\CHRIST~1.MCG\AppData\Local\Temp\surefire12844452782624811124\surefirebooter2089464257838252908.jar C:\Users\christopher.mcgee\AppData\Local\Temp\surefire12844452782624811124 2021-04-20T09-43-28_497-jvmRun1 surefire17573350326537812606tmp surefire_09558363085886418904tmp"/>
    <property name="jdk.debug" value="release"/>
    <property name="surefire.test.class.path" value="C:\Users\christopher.mcgee\dev\projects\sky-launcher\target\test-classes;C:\Users\christopher.mcgee\dev\projects\sky-launcher\target\classes;C:\Users\christopher.mcgee\.m2\repository\junit\junit\4.11\junit-4.11.jar;C:\Users\christopher.mcgee\.m2\repository\org\hamcrest\hamcrest-core\1.3\hamcrest-core-1.3.jar;"/>
    <property name="sun.cpu.endian" value="little"/>
    <property name="user.home" value="C:\Users\christopher.mcgee"/>
    <property name="user.language" value="en"/>
    <property name="java.specification.vendor" value="Oracle Corporation"/>
    <property name="java.version.date" value="2021-01-19"/>
    <property name="java.home" value="C:\Program Files\Amazon Corretto\jdk15.0.2_7"/>
    <property name="file.separator" value="\"/>
    <property name="basedir" value="C:\Users\christopher.mcgee\dev\projects\sky-launcher"/>
    <property name="java.vm.compressedOopsMode" value="Zero based"/>
    <property name="line.separator" value="&#10;"/>
    <property name="java.vm.specification.vendor" value="Oracle Corporation"/>
    <property name="java.specification.name" value="Java Platform API Specification"/>
    <property name="surefire.real.class.path" value="C:\Users\CHRIST~1.MCG\AppData\Local\Temp\surefire12844452782624811124\surefirebooter2089464257838252908.jar"/>
    <property name="user.script" value=""/>
    <property name="sun.management.compiler" value="HotSpot 64-Bit Tiered Compilers"/>
    <property name="java.runtime.version" value="15.0.2+7"/>
    <property name="user.name" value="christopher.mcgee"/>
    <property name="path.separator" value=";"/>
    <property name="os.version" value="10.0"/>
    <property name="java.runtime.name" value="OpenJDK Runtime Environment"/>
    <property name="file.encoding" value="Cp1252"/>
    <property name="java.vm.name" value="OpenJDK 64-Bit Server VM"/>
    <property name="java.vendor.version" value="Corretto-15.0.2.7.1"/>
    <property name="localRepository" value="C:\Users\christopher.mcgee\.m2\repository"/>
    <property name="java.vendor.url.bug" value="https://github.com/corretto/corretto-jdk/issues/"/>
    <property name="java.io.tmpdir" value="C:\Users\CHRIST~1.MCG\AppData\Local\Temp\"/>
    <property name="java.version" value="15.0.2"/>
    <property name="user.dir" value="C:\Users\christopher.mcgee\dev\projects\sky-launcher"/>
    <property name="os.arch" value="amd64"/>
    <property name="java.vm.specification.name" value="Java Virtual Machine Specification"/>
    <property name="sun.os.patch.level" value=""/>
    <property name="java.library.path" value="C:\Program Files\Amazon Corretto\jdk15.0.2_7\bin;C:\WINDOWS\Sun\Java\bin;C:\WINDOWS\system32;C:\WINDOWS;C:\Program Files (x86)\Common Files\Oracle\Java\javapath;C:\Program Files\Amazon Corretto\jdk15.0.2_7\bin;C:\Python39\Scripts\;C:\Python39\;C:\Program Files\Amazon Corretto\jdk11.0.7_10\bin;C:\Program Files\Amazon Corretto\jdk1.8.0_252\bin;C:\Python27\;C:\Python27\Scripts;C:\Program Files (x86)\Common Files\Intel\Shared Libraries\redist\intel64\compiler;C:\Program Files\Java\jdk-11.0.3\bin;C:\windows\system32;C:\windows;C:\windows\System32\Wbem;C:\windows\System32\WindowsPowerShell\v1.0\;C:\windows\System32\OpenSSH\;C:\Users\christopher.mcgee\AppData\Local\Microsoft\WindowsApps;C:\php;C:\ProgramData\ComposerSetup\bin;C:\PSTools;C:\WINDOWS\system32;C:\WINDOWS;C:\WINDOWS\System32\Wbem;C:\WINDOWS\System32\WindowsPowerShell\v1.0\;C:\WINDOWS\System32\OpenSSH\;C:\ProgramData\chocolatey\bin;C:\Program Files (x86)\PuTTY\;C:\HashiCorp\Vagrant\bin;C:\Program Files (x86)\WinMerge;C:\Program Files (x86)\Yarn\bin\;C:\Program Files\7-Zip;C:\Program Files\PuTTY\;C:\Program Files (x86)\NVIDIA Corporation\PhysX\Common;C:\Program Files\Git\cmd;C:\Program Files\Docker\Docker\resources\bin;C:\ProgramData\DockerDesktop\version-bin;C:\Users\christopher.mcgee\scoop\shims;C:\Users\christopher.mcgee\AppData\Roaming\Composer\vendor\bin;C:\Users\christopher.mcgee\AppData\Local\Programs\Microsoft VS Code\bin;C:\Users\christopher.mcgee\AppData\Local\Yarn\bin;C:\Users\christopher.mcgee\AppData\Local\nvs\default;C:\Users\christopher.mcgee\AppData\Local\nvs\;C:\Users\christopher.mcgee\dev\Tools\apache-maven-3.8.1\bin;."/>
    <property name="java.vm.info" value="mixed mode, sharing"/>
    <property name="java.vendor" value="Amazon.com Inc."/>
    <property name="java.vm.version" value="15.0.2+7"/>
    <property name="sun.io.unicode.encoding" value="UnicodeLittle"/>
    <property name="java.class.version" value="59.0"/>
  </properties>
  <testcase name="shouldAnswerWithTrue" classname="info.chrismcgee.sky.AppTest" time="0.001"/>
</testsuite>